2020-12-01 16:51:08 [scrapy.utils.log] INFO: Scrapy 2.4.1 started (bot: scrapy_demo)
2020-12-01 16:51:08 [scrapy.utils.log] INFO: Versions: lxml 4.6.1.0, libxml2 2.9.5, cssselect 1.1.0, parsel 1.6.0, w3lib 1.22.0, Twisted 20.3.0, Python 3.8.5 (default, Sep  3 2020, 21:29:08) [MSC v.1916 64 bit (AMD64)], pyOpenSSL 20.0.0 (OpenSSL 1.1.1h  22 Sep 2020), cryptography 3.2.1, Platform Windows-10-10.0.19041-SP0
2020-12-01 16:51:08 [scrapy.utils.log] DEBUG: Using reactor: twisted.internet.selectreactor.SelectReactor
2020-12-01 16:51:08 [scrapy.crawler] INFO: Overridden settings:
{'BOT_NAME': 'scrapy_demo',
 'FEED_EXPORT_ENCODING': 'utf-8',
 'LOG_FILE': './output/ettoday.log',
 'NEWSPIDER_MODULE': 'scrapy_demo.spiders',
 'ROBOTSTXT_OBEY': True,
 'SPIDER_MODULES': ['scrapy_demo.spiders']}
2020-12-01 16:51:08 [scrapy.extensions.telnet] INFO: Telnet Password: 7c8d4e48dfcc1338
2020-12-01 16:51:08 [py.warnings] WARNING: c:\users\wei\anaconda3\envs\env_py38_1091105\lib\site-packages\scrapy\extensions\feedexport.py:247: ScrapyDeprecationWarning: The `FEED_URI` and `FEED_FORMAT` settings have been deprecated in favor of the `FEEDS` setting. Please see the `FEEDS` setting docs for more details
  exporter = cls(crawler)

2020-12-01 16:51:08 [scrapy.extensions.feedexport] ERROR: Unknown feed format: csvl
2020-12-01 16:51:08 [scrapy.middleware] INFO: Enabled extensions:
['scrapy.extensions.corestats.CoreStats',
 'scrapy.extensions.telnet.TelnetConsole',
 'scrapy.extensions.logstats.LogStats']
2020-12-01 16:51:09 [scrapy.middleware] INFO: Enabled downloader middlewares:
['scrapy.downloadermiddlewares.robotstxt.RobotsTxtMiddleware',
 'scrapy.downloadermiddlewares.httpauth.HttpAuthMiddleware',
 'scrapy.downloadermiddlewares.downloadtimeout.DownloadTimeoutMiddleware',
 'scrapy.downloadermiddlewares.defaultheaders.DefaultHeadersMiddleware',
 'scrapy.downloadermiddlewares.useragent.UserAgentMiddleware',
 'scrapy.downloadermiddlewares.retry.RetryMiddleware',
 'scrapy.downloadermiddlewares.redirect.MetaRefreshMiddleware',
 'scrapy.downloadermiddlewares.httpcompression.HttpCompressionMiddleware',
 'scrapy.downloadermiddlewares.redirect.RedirectMiddleware',
 'scrapy.downloadermiddlewares.cookies.CookiesMiddleware',
 'scrapy.downloadermiddlewares.httpproxy.HttpProxyMiddleware',
 'scrapy.downloadermiddlewares.stats.DownloaderStats']
2020-12-01 16:51:09 [scrapy.middleware] INFO: Enabled spider middlewares:
['scrapy.spidermiddlewares.httperror.HttpErrorMiddleware',
 'scrapy.spidermiddlewares.offsite.OffsiteMiddleware',
 'scrapy.spidermiddlewares.referer.RefererMiddleware',
 'scrapy.spidermiddlewares.urllength.UrlLengthMiddleware',
 'scrapy.spidermiddlewares.depth.DepthMiddleware']
2020-12-01 16:51:09 [scrapy.middleware] INFO: Enabled item pipelines:
[]
2020-12-01 16:51:09 [scrapy.core.engine] INFO: Spider opened
2020-12-01 16:51:09 [scrapy.extensions.logstats] INFO: Crawled 0 pages (at 0 pages/min), scraped 0 items (at 0 items/min)
2020-12-01 16:51:09 [scrapy.extensions.telnet] INFO: Telnet console listening on 127.0.0.1:6023
2020-12-01 16:51:09 [scrapy.core.engine] DEBUG: Crawled (200) <GET https://www.ettoday.net/robots.txt> (referer: None)
2020-12-01 16:51:09 [scrapy.core.engine] DEBUG: Crawled (200) <GET https://www.ettoday.net/news/20201201/1866788.htm> (referer: None)
2020-12-01 16:51:09 [scrapy.core.scraper] DEBUG: Scraped from <200 https://www.ettoday.net/news/20201201/1866788.htm>
{'content': ['記者鄧木卿／台中報導',
             '有媒體公布「幸福台灣-2020縣市幸福指數大調查」，今年中南部表現亮眼，台中市進步8名，六都排名第三，在居住環境、治安、環保等民眾最直接感受的領域，市民都感覺「台中進步了」，尤其在「政府作為」的民調中，台中成績從去年40.6大幅進步到72.8，市府表示，對於每份民調都虛心接受，以平常心當作參考，並持續努力各項市政建設。',
             '這項幸福指數大調查是由「行政院主計總處統計數據」與「民意調查結果」綜合計算出的結果，訪問樣本數達16820份有效樣本，切合主客觀數據，具有一定指標公信力。',
             '民調結果，六都排名大洗牌，去年六都第一是台北市，今年被桃園追過，名次互換，台南市在縣市總排名退步8名，退出六都前段班，台中市則是躍進8名，闖進六都第三名，六都墊底則是高雄市。',
             '台中市不但排名六都第三，更是總排名唯一進步的直轄市，拿下2017年以來最佳成績，今年，台中市長盧秀燕推動「公托公幼倍增」、「美樂地共融公園計畫」、「社會住宅」開工」及「道路燙平專案」全面啟動，舉辦第二屆的台中購物節，在防疫緊縮之下，還能創造90億的消費登陸，有成績，民眾也有實際感受。',
             '在客觀數據方面，台中市民的平均每人可支配所得為35萬2633元，排名全台第五，領先台南市、高雄市，亦是中南部最富裕的城市，從統計數據顯示，2020年台中市暴力犯罪率下降，排名全台第三，就業率、平均壽命、家戶連網率都上升，這也是城市進步的重要象徵。',
             '主觀民調部分，台中市在這次11個民調指標中，分數全部都進步，特別在「政府作為」指標，成績從去年40.6大幅進步到今年的72.8，並高於全台平均的69.7，這代表台中市政府的施政，民眾都看在眼裡，縣市長務實的施政，民意給予最直接的肯定。'],
 'title': '40.6分飆升72.8分！2020幸福城市大調查\u3000台中進步8名 | ETtoday政治新聞 | ETtoday新聞雲'}
2020-12-01 16:51:09 [scrapy.core.engine] INFO: Closing spider (finished)
2020-12-01 16:51:09 [scrapy.statscollectors] INFO: Dumping Scrapy stats:
{'downloader/request_bytes': 473,
 'downloader/request_count': 2,
 'downloader/request_method_count/GET': 2,
 'downloader/response_bytes': 42675,
 'downloader/response_count': 2,
 'downloader/response_status_count/200': 2,
 'elapsed_time_seconds': 0.223749,
 'finish_reason': 'finished',
 'finish_time': datetime.datetime(2020, 12, 1, 8, 51, 9, 327552),
 'item_scraped_count': 1,
 'log_count/DEBUG': 3,
 'log_count/ERROR': 1,
 'log_count/INFO': 10,
 'log_count/WARNING': 1,
 'response_received_count': 2,
 'robotstxt/request_count': 1,
 'robotstxt/response_count': 1,
 'robotstxt/response_status_count/200': 1,
 'scheduler/dequeued': 1,
 'scheduler/dequeued/memory': 1,
 'scheduler/enqueued': 1,
 'scheduler/enqueued/memory': 1,
 'start_time': datetime.datetime(2020, 12, 1, 8, 51, 9, 103803)}
2020-12-01 16:51:09 [scrapy.core.engine] INFO: Spider closed (finished)
2020-12-01 16:51:45 [scrapy.utils.log] INFO: Scrapy 2.4.1 started (bot: scrapy_demo)
2020-12-01 16:51:45 [scrapy.utils.log] INFO: Versions: lxml 4.6.1.0, libxml2 2.9.5, cssselect 1.1.0, parsel 1.6.0, w3lib 1.22.0, Twisted 20.3.0, Python 3.8.5 (default, Sep  3 2020, 21:29:08) [MSC v.1916 64 bit (AMD64)], pyOpenSSL 20.0.0 (OpenSSL 1.1.1h  22 Sep 2020), cryptography 3.2.1, Platform Windows-10-10.0.19041-SP0
2020-12-01 16:51:45 [scrapy.utils.log] DEBUG: Using reactor: twisted.internet.selectreactor.SelectReactor
2020-12-01 16:51:45 [scrapy.crawler] INFO: Overridden settings:
{'BOT_NAME': 'scrapy_demo',
 'FEED_EXPORT_ENCODING': 'utf-8',
 'LOG_FILE': './output/ettoday.log',
 'NEWSPIDER_MODULE': 'scrapy_demo.spiders',
 'ROBOTSTXT_OBEY': True,
 'SPIDER_MODULES': ['scrapy_demo.spiders']}
2020-12-01 16:51:46 [scrapy.extensions.telnet] INFO: Telnet Password: ef35f00537b31fde
2020-12-01 16:51:46 [py.warnings] WARNING: c:\users\wei\anaconda3\envs\env_py38_1091105\lib\site-packages\scrapy\extensions\feedexport.py:247: ScrapyDeprecationWarning: The `FEED_URI` and `FEED_FORMAT` settings have been deprecated in favor of the `FEEDS` setting. Please see the `FEEDS` setting docs for more details
  exporter = cls(crawler)

2020-12-01 16:51:46 [scrapy.extensions.feedexport] ERROR: Unknown feed format: csvl
2020-12-01 16:51:46 [scrapy.middleware] INFO: Enabled extensions:
['scrapy.extensions.corestats.CoreStats',
 'scrapy.extensions.telnet.TelnetConsole',
 'scrapy.extensions.logstats.LogStats']
2020-12-01 16:51:46 [scrapy.middleware] INFO: Enabled downloader middlewares:
['scrapy.downloadermiddlewares.robotstxt.RobotsTxtMiddleware',
 'scrapy.downloadermiddlewares.httpauth.HttpAuthMiddleware',
 'scrapy.downloadermiddlewares.downloadtimeout.DownloadTimeoutMiddleware',
 'scrapy.downloadermiddlewares.defaultheaders.DefaultHeadersMiddleware',
 'scrapy.downloadermiddlewares.useragent.UserAgentMiddleware',
 'scrapy.downloadermiddlewares.retry.RetryMiddleware',
 'scrapy.downloadermiddlewares.redirect.MetaRefreshMiddleware',
 'scrapy.downloadermiddlewares.httpcompression.HttpCompressionMiddleware',
 'scrapy.downloadermiddlewares.redirect.RedirectMiddleware',
 'scrapy.downloadermiddlewares.cookies.CookiesMiddleware',
 'scrapy.downloadermiddlewares.httpproxy.HttpProxyMiddleware',
 'scrapy.downloadermiddlewares.stats.DownloaderStats']
2020-12-01 16:51:46 [scrapy.middleware] INFO: Enabled spider middlewares:
['scrapy.spidermiddlewares.httperror.HttpErrorMiddleware',
 'scrapy.spidermiddlewares.offsite.OffsiteMiddleware',
 'scrapy.spidermiddlewares.referer.RefererMiddleware',
 'scrapy.spidermiddlewares.urllength.UrlLengthMiddleware',
 'scrapy.spidermiddlewares.depth.DepthMiddleware']
2020-12-01 16:51:46 [scrapy.middleware] INFO: Enabled item pipelines:
[]
2020-12-01 16:51:46 [scrapy.core.engine] INFO: Spider opened
2020-12-01 16:51:46 [scrapy.extensions.logstats] INFO: Crawled 0 pages (at 0 pages/min), scraped 0 items (at 0 items/min)
2020-12-01 16:51:46 [scrapy.extensions.telnet] INFO: Telnet console listening on 127.0.0.1:6023
2020-12-01 16:51:46 [scrapy.core.engine] DEBUG: Crawled (200) <GET https://www.ettoday.net/robots.txt> (referer: None)
2020-12-01 16:51:46 [scrapy.core.engine] DEBUG: Crawled (200) <GET https://www.ettoday.net/news/20201201/1866788.htm> (referer: None)
2020-12-01 16:51:46 [scrapy.core.scraper] DEBUG: Scraped from <200 https://www.ettoday.net/news/20201201/1866788.htm>
{'content': ['記者鄧木卿／台中報導',
             '有媒體公布「幸福台灣-2020縣市幸福指數大調查」，今年中南部表現亮眼，台中市進步8名，六都排名第三，在居住環境、治安、環保等民眾最直接感受的領域，市民都感覺「台中進步了」，尤其在「政府作為」的民調中，台中成績從去年40.6大幅進步到72.8，市府表示，對於每份民調都虛心接受，以平常心當作參考，並持續努力各項市政建設。',
             '這項幸福指數大調查是由「行政院主計總處統計數據」與「民意調查結果」綜合計算出的結果，訪問樣本數達16820份有效樣本，切合主客觀數據，具有一定指標公信力。',
             '民調結果，六都排名大洗牌，去年六都第一是台北市，今年被桃園追過，名次互換，台南市在縣市總排名退步8名，退出六都前段班，台中市則是躍進8名，闖進六都第三名，六都墊底則是高雄市。',
             '台中市不但排名六都第三，更是總排名唯一進步的直轄市，拿下2017年以來最佳成績，今年，台中市長盧秀燕推動「公托公幼倍增」、「美樂地共融公園計畫」、「社會住宅」開工」及「道路燙平專案」全面啟動，舉辦第二屆的台中購物節，在防疫緊縮之下，還能創造90億的消費登陸，有成績，民眾也有實際感受。',
             '在客觀數據方面，台中市民的平均每人可支配所得為35萬2633元，排名全台第五，領先台南市、高雄市，亦是中南部最富裕的城市，從統計數據顯示，2020年台中市暴力犯罪率下降，排名全台第三，就業率、平均壽命、家戶連網率都上升，這也是城市進步的重要象徵。',
             '主觀民調部分，台中市在這次11個民調指標中，分數全部都進步，特別在「政府作為」指標，成績從去年40.6大幅進步到今年的72.8，並高於全台平均的69.7，這代表台中市政府的施政，民眾都看在眼裡，縣市長務實的施政，民意給予最直接的肯定。'],
 'title': '40.6分飆升72.8分！2020幸福城市大調查\u3000台中進步8名 | ETtoday政治新聞 | ETtoday新聞雲'}
2020-12-01 16:51:46 [scrapy.core.engine] INFO: Closing spider (finished)
2020-12-01 16:51:46 [scrapy.statscollectors] INFO: Dumping Scrapy stats:
{'downloader/request_bytes': 473,
 'downloader/request_count': 2,
 'downloader/request_method_count/GET': 2,
 'downloader/response_bytes': 42682,
 'downloader/response_count': 2,
 'downloader/response_status_count/200': 2,
 'elapsed_time_seconds': 0.25001,
 'finish_reason': 'finished',
 'finish_time': datetime.datetime(2020, 12, 1, 8, 51, 46, 611936),
 'item_scraped_count': 1,
 'log_count/DEBUG': 3,
 'log_count/ERROR': 1,
 'log_count/INFO': 10,
 'log_count/WARNING': 1,
 'response_received_count': 2,
 'robotstxt/request_count': 1,
 'robotstxt/response_count': 1,
 'robotstxt/response_status_count/200': 1,
 'scheduler/dequeued': 1,
 'scheduler/dequeued/memory': 1,
 'scheduler/enqueued': 1,
 'scheduler/enqueued/memory': 1,
 'start_time': datetime.datetime(2020, 12, 1, 8, 51, 46, 361926)}
2020-12-01 16:51:46 [scrapy.core.engine] INFO: Spider closed (finished)
